[19984:5352:0409/031903.545:WARNING:account_consistency_mode_manager.cc(64)] Desktop Identity Consistency cannot be enabled as no OAuth client ID and client secret have been configured.
[19984:5352:0409/031903.587:WARNING:push_messaging_service_factory.cc(37)] PushMessagingService could not be built because InstanceID is unexpectedly disabled
[19984:5352:0409/031905.098:INFO:CONSOLE(45435)] "[HMR] Waiting for update signal from WDS...", source: http://localhost:3000/static/js/0.chunk.js (45435)
[19984:5352:0409/031905.226:INFO:CONSOLE(3772)] "Deprecation warning: value provided is not in a recognized RFC2822 or ISO format. moment construction falls back to js Date(), which is not reliable across all browsers and versions. Non RFC2822/ISO date formats are discouraged. Please refer to http://momentjs.com/guides/#/warnings/js-date/ for more info.
Arguments: 
[0] _isAMomentObject: true, _isUTC: false, _useUTC: false, _l: undefined, _i: false, _f: undefined, _strict: undefined, _locale: [object Object]
Error
    at Function.createFromInputFallback (http://localhost:3000/static/js/0.chunk.js:3809:89)
    at configFromInput (http://localhost:3000/static/js/0.chunk.js:6216:13)
    at prepareConfig (http://localhost:3000/static/js/0.chunk.js:6186:7)
    at createFromConfig (http://localhost:3000/static/js/0.chunk.js:6151:40)
    at createLocalOrUTC (http://localhost:3000/static/js/0.chunk.js:6245:12)
    at createLocal (http://localhost:3000/static/js/0.chunk.js:6249:12)
    at Moment.isBefore (http://localhost:3000/static/js/0.chunk.js:6901:48)
    at http://localhost:3000/static/js/main.chunk.js:797:85
    at Array.sort (<anonymous>)
    at Bike.sortStatus (http://localhost:3000/static/js/main.chunk.js:796:18)
    at Object.complete (http://localhost:3000/static/js/main.chunk.js:85:27)
    at StringStreamer.ChunkStreamer.parseChunk (http://localhost:3000/static/js/0.chunk.js:9177:22)
    at StringStreamer._nextChunk (http://localhost:3000/static/js/0.chunk.js:9397:19)
    at StringStreamer.stream (http://localhost:3000/static/js/0.chunk.js:9380:19)
    at Object.CsvToJson [as parse] (http://localhost:3000/static/js/0.chunk.js:8931:21)
    at App.getData (http://localhost:3000/static/js/main.chunk.js:65:56)
    at App.componentWillMount (http://localhost:3000/static/js/main.chunk.js:59:10)
    at callComponentWillMount (http://localhost:3000/static/js/0.chunk.js:24333:18)
    at mountClassInstance (http://localhost:3000/static/js/0.chunk.js:24421:9)
    at updateClassComponent (http://localhost:3000/static/js/0.chunk.js:28889:9)
    at beginWork (http://localhost:3000/static/js/0.chunk.js:30483:20)
    at beginWork$1 (http://localhost:3000/static/js/0.chunk.js:35275:18)
    at performUnitOfWork (http://localhost:3000/static/js/0.chunk.js:34135:16)
    at workLoopSync (http://localhost:3000/static/js/0.chunk.js:34072:9)
    at renderRootSync (http://localhost:3000/static/js/0.chunk.js:34038:11)
    at performSyncWorkOnRoot (http://localhost:3000/static/js/0.chunk.js:33655:22)
    at scheduleUpdateOnFiber (http://localhost:3000/static/js/0.chunk.js:33243:11)
    at updateContainer (http://localhost:3000/static/js/0.chunk.js:36780:7)
    at http://localhost:3000/static/js/0.chunk.js:37312:11
    at unbatchedUpdates (http://localhost:3000/static/js/0.chunk.js:33795:16)
    at legacyRenderSubtreeIntoContainer (http://localhost:3000/static/js/0.chunk.js:37311:9)
    at Object.render (http://localhost:3000/static/js/0.chunk.js:37394:14)
    at Module.<anonymous> (http://localhost:3000/static/js/main.chunk.js:567:50)
    at Module../src/index.js (http://localhost:3000/static/js/main.chunk.js:656:30)
    at __webpack_require__ (http://localhost:3000/static/js/bundle.js:857:31)
    at fn (http://localhost:3000/static/js/bundle.js:151:20)
    at Object.1 (http://localhost:3000/static/js/main.chunk.js:904:18)
    at __webpack_require__ (http://localhost:3000/static/js/bundle.js:857:31)
    at checkDeferredModules (http://localhost:3000/static/js/bundle.js:46:23)
    at Array.webpackJsonpCallback [as push] (http://localhost:3000/static/js/bundle.js:33:19)
    at http://localhost:3000/static/js/main.chunk.js:1:69", source: http://localhost:3000/static/js/0.chunk.js (3772)
[19984:5352:0409/031905.238:INFO:CONSOLE(39049)] "Warning: Each child in a list should have a unique "key" prop.%s%s See https://reactjs.org/link/warning-keys for more information.%s 

Check the render method of `App`.  
    at div
    at App (http://localhost:3000/static/js/main.chunk.js:47:5)", source: http://localhost:3000/static/js/0.chunk.js (39049)
[19984:5352:0409/031905.254:INFO:CONSOLE(39049)] "Warning: Invalid DOM property `%s`. Did you mean `%s`?%s class className 
    at svg
    at p
    at div
    at div
    at div
    at div
    at App (http://localhost:3000/static/js/main.chunk.js:47:5)", source: http://localhost:3000/static/js/0.chunk.js (39049)
[19984:5352:0409/031905.255:INFO:CONSOLE(11597)] "Warning: componentWillMount has been renamed, and is not recommended for use. See https://reactjs.org/link/unsafe-component-lifecycles for details.

* Move code with side effects to componentDidMount, and set initial state in the constructor.
* Rename componentWillMount to UNSAFE_componentWillMount to suppress this warning in non-strict mode. In React 18.x, only the UNSAFE_ name will work. To rename all deprecated lifecycles to their new names, you can run `npx react-codemod rename-unsafe-lifecycles` in your project source folder.

Please update the following components: %s App, Journey", source: http://localhost:3000/static/js/0.chunk.js (11597)
[19984:5352:0409/031905.642:INFO:CONSOLE(0)] "Error while trying to use the following icon from the Manifest: http://localhost:3000/logo192.png (Download error or resource isn't a valid image)", source: http://localhost:3000/ (0)
[19984:5352:0409/031913.599:ERROR:usb_descriptors.cc(160)] Device descriptor parsing error.
[19984:5352:0409/031913.599:ERROR:device_event_log_impl.cc(214)] [03:19:13.599] USB: usb_device_win.cc:93 Failed to read descriptors from \\?\usb#vid_2109&pid_3431&asmediausbd_hub#00000830#{a5dcbf10-6530-11d2-901f-00c04fb951ed}.
[19984:5352:0409/031913.659:ERROR:usb_descriptors.cc(160)] Device descriptor parsing error.
[19984:5352:0409/031913.659:ERROR:device_event_log_impl.cc(214)] [03:19:13.658] USB: usb_device_win.cc:93 Failed to read descriptors from \\?\usb#vid_1532&pid_0e03#20000030#{a5dcbf10-6530-11d2-901f-00c04fb951ed}.
[19984:5352:0409/031913.659:ERROR:usb_descriptors.cc(160)] Device descriptor parsing error.
[19984:5352:0409/031913.659:ERROR:device_event_log_impl.cc(214)] [03:19:13.659] USB: usb_device_win.cc:93 Failed to read descriptors from \\?\usb#vid_1058&pid_10b8#575831314133343332353532#{a5dcbf10-6530-11d2-901f-00c04fb951ed}.
[19984:5352:0409/031913.673:ERROR:device_event_log_impl.cc(214)] [03:19:13.673] Bluetooth: bluetooth_adapter_winrt.cc:1072 Getting Default Adapter failed.
[19984:5352:0409/031915.928:INFO:CONSOLE(11597)] "Warning: componentWillMount has been renamed, and is not recommended for use. See https://reactjs.org/link/unsafe-component-lifecycles for details.

* Move code with side effects to componentDidMount, and set initial state in the constructor.
* Rename componentWillMount to UNSAFE_componentWillMount to suppress this warning in non-strict mode. In React 18.x, only the UNSAFE_ name will work. To rename all deprecated lifecycles to their new names, you can run `npx react-codemod rename-unsafe-lifecycles` in your project source folder.

Please update the following components: %s App", source: http://localhost:3000/static/js/0.chunk.js (11597)
[19984:5352:0409/031934.450:INFO:CONSOLE(11597)] "Warning: componentWillMount has been renamed, and is not recommended for use. See https://reactjs.org/link/unsafe-component-lifecycles for details.

* Move code with side effects to componentDidMount, and set initial state in the constructor.
* Rename componentWillMount to UNSAFE_componentWillMount to suppress this warning in non-strict mode. In React 18.x, only the UNSAFE_ name will work. To rename all deprecated lifecycles to their new names, you can run `npx react-codemod rename-unsafe-lifecycles` in your project source folder.

Please update the following components: %s App", source: http://localhost:3000/static/js/0.chunk.js (11597)
[19984:5352:0409/031944.225:INFO:CONSOLE(11597)] "Warning: componentWillMount has been renamed, and is not recommended for use. See https://reactjs.org/link/unsafe-component-lifecycles for details.

* Move code with side effects to componentDidMount, and set initial state in the constructor.
* Rename componentWillMount to UNSAFE_componentWillMount to suppress this warning in non-strict mode. In React 18.x, only the UNSAFE_ name will work. To rename all deprecated lifecycles to their new names, you can run `npx react-codemod rename-unsafe-lifecycles` in your project source folder.

Please update the following components: %s App", source: http://localhost:3000/static/js/0.chunk.js (11597)
[19984:5352:0409/031950.049:INFO:CONSOLE(11597)] "Warning: componentWillMount has been renamed, and is not recommended for use. See https://reactjs.org/link/unsafe-component-lifecycles for details.

* Move code with side effects to componentDidMount, and set initial state in the constructor.
* Rename componentWillMount to UNSAFE_componentWillMount to suppress this warning in non-strict mode. In React 18.x, only the UNSAFE_ name will work. To rename all deprecated lifecycles to their new names, you can run `npx react-codemod rename-unsafe-lifecycles` in your project source folder.

Please update the following components: %s App", source: http://localhost:3000/static/js/0.chunk.js (11597)
[19984:5352:0409/031956.404:INFO:CONSOLE(11597)] "Warning: componentWillMount has been renamed, and is not recommended for use. See https://reactjs.org/link/unsafe-component-lifecycles for details.

* Move code with side effects to componentDidMount, and set initial state in the constructor.
* Rename componentWillMount to UNSAFE_componentWillMount to suppress this warning in non-strict mode. In React 18.x, only the UNSAFE_ name will work. To rename all deprecated lifecycles to their new names, you can run `npx react-codemod rename-unsafe-lifecycles` in your project source folder.

Please update the following components: %s App", source: http://localhost:3000/static/js/0.chunk.js (11597)
[19984:5352:0409/032020.114:INFO:CONSOLE(11597)] "Warning: componentWillMount has been renamed, and is not recommended for use. See https://reactjs.org/link/unsafe-component-lifecycles for details.

* Move code with side effects to componentDidMount, and set initial state in the constructor.
* Rename componentWillMount to UNSAFE_componentWillMount to suppress this warning in non-strict mode. In React 18.x, only the UNSAFE_ name will work. To rename all deprecated lifecycles to their new names, you can run `npx react-codemod rename-unsafe-lifecycles` in your project source folder.

Please update the following components: %s App", source: http://localhost:3000/static/js/0.chunk.js (11597)
[19984:5352:0409/032023.324:INFO:CONSOLE(11597)] "Warning: componentWillMount has been renamed, and is not recommended for use. See https://reactjs.org/link/unsafe-component-lifecycles for details.

* Move code with side effects to componentDidMount, and set initial state in the constructor.
* Rename componentWillMount to UNSAFE_componentWillMount to suppress this warning in non-strict mode. In React 18.x, only the UNSAFE_ name will work. To rename all deprecated lifecycles to their new names, you can run `npx react-codemod rename-unsafe-lifecycles` in your project source folder.

Please update the following components: %s App", source: http://localhost:3000/static/js/0.chunk.js (11597)
[19984:5352:0409/032031.874:INFO:CONSOLE(11597)] "Warning: componentWillMount has been renamed, and is not recommended for use. See https://reactjs.org/link/unsafe-component-lifecycles for details.

* Move code with side effects to componentDidMount, and set initial state in the constructor.
* Rename componentWillMount to UNSAFE_componentWillMount to suppress this warning in non-strict mode. In React 18.x, only the UNSAFE_ name will work. To rename all deprecated lifecycles to their new names, you can run `npx react-codemod rename-unsafe-lifecycles` in your project source folder.

Please update the following components: %s App", source: http://localhost:3000/static/js/0.chunk.js (11597)
[19984:5352:0409/032050.068:WARNING:pref_notifier_impl.cc(40)] Pref observer for media_router.cast_allow_all_ips found at shutdown.
